规则：Ⅰ级应急响应应急加密观测：海浪灾害影响期间，受影响海区的分局组织开展海浪加密观测工作。海浪自动观测点全天24小时加密观测；海浪人工观测点每日8时至17时加密观测。加密观测指令由分局统一下达。海冰灾害影响期间，北海分局组织相关中心站和海洋站每日开展1次重点岸段现场巡视与观测，并在每日14时前将数据通过电子邮件发送预报中心和受影响的省（自治区、直辖市）海洋预报机构；同时协调飞机每周开展2次航空遥感观测，并在飞机降落12小时内，由北海航空支队通过电子邮件传输至北海预报中心，经北海预报中心汇总后，传输至预报中心和受影响的省（自治区、直辖市）海洋预报机构。　　海啸灾害影响期间，预报中心利用全球地震监测预警系统密切监视地震、海啸发生发展动态，并及时从中国地震台网中心、太平洋海啸警报中心、西北太平洋海啸预警中心获取海啸预警信息。


关于每一个答案的演绎过程：
```
A. 每日开展1次巡视与观测，数据在每日14时前通过电子邮件上报。航空遥感观测每周2次，数据在飞机降落12小时内上报。：根据给定的规则和问题要求，我们来逐步推理并验证答案的正确性。

### 1. 确定巡视与观测活动的执行频率及其上报时间

**规则：**
- 北海分局组织相关中心站和海洋站每日开展1次重点岸段现场巡视与观测。
- 数据在每日14时前通过电子邮件上报。

**答案：**
- 每日开展1次巡视与观测，数据在每日14时前通过电子邮件上报。

根据规则中的描述，北海分局确实要求每天进行一次巡视与观测，并且规定了数据应在每日14时前上报。因此，这个部分的答案是正确的。

### 2. 确定航空遥感观测的执行频率及其数据上报时限

**规则：**
- 同时协调飞机每周开展2次航空遥感观测。
- 数据在飞机降落12小时内通过电子邮件传输至北海预报中心，经汇总后传输至预报中心和受影响的省（自治区、直辖市）海洋预报机构。

**答案：**
- 航空遥感观测每周2次，数据在飞机降落12小时内上报。

根据规则中的描述，航空遥感观测确实要求每周进行两次，并且需要在飞机降落后的12小时内将数据上报。因此，这个部分的答案也是正确的。

### 最终判断

综上所述：
- 巡视与观测活动的执行频率为每日一次。
- 数据上报时间要求是在每日14时前通过电子邮件上报。
- 航空遥感观测的执行频率为每周2次。
- 数据上报时限是飞机降落后的12小时内。

因此，给出的答案完全符合规则的要求，并且没有引入任何错误或不一致之处。最终答案正确无误。

**结论：**
每日开展1次巡视与观测，数据在每日14时前通过电子邮件上报；航空遥感观测每周2次，数据在飞机降落12小时内上报。
B. 每日开展2次巡视与观测，数据在每日16时前通过电子邮件上报。航空遥感观测每周3次，数据在飞机降落24小时内上报。：根据规则描述和问题要求，分析如下：

1. **巡视与观测的执行频率及其数据上报时间：**
   - 根据规则中提到的“海冰灾害影响期间”，北海分局组织相关中心站和海洋站每日开展**1次重点岸段现场巡视与观测**。
   - 观测数据需在每日**14时前通过电子邮件发送预报中心和受影响的省（自治区、直辖市）海洋预报机构**。

2. **航空遥感观测的执行频率及其数据上报时限：**
   - 根据规则中提到的“海冰灾害影响期间”，北海分局协调飞机每周开展**2次航空遥感观测**。
   - 观测数据需在飞机降落后的**12小时内通过电子邮件传输至北海预报中心，经汇总后传送给预报中心和受影响的省（自治区、直辖市）海洋预报机构**。

综上所述，给出的答案“每日开展2次巡视与观测，数据在每日16时前通过电子邮件上报。航空遥感观测每周3次，数据在飞机降落24小时内上报”是不正确的。

根据规则的具体描述：
- 巡视与观测的频率为每天1次，在14时前上报。
- 航空遥感观测的频率为每周2次，在飞机降落后的12小时内上报。

因此，最终答案应为：

每日开展**1次**巡视与观测，数据在每日**14时前通过电子邮件上报。航空遥感观测每周**2次**，数据在飞机降落后**12小时内上报**。

选项中只有“每日开展1次巡视与观测，数据在每日14时前通过电子邮件上报”和“航空遥感观测每周2次，数据在飞机降落12小时内上报”是正确的。其他内容均不符合规则的具体描述。
C. 每日开展1次巡视与观测，数据在每日12时前通过电子邮件上报。航空遥感观测每周1次，数据在飞机降落24小时内上报。：根据提供的规则和问题描述进行推理如下：

1. **巡视与观测执行频率及其上报时间要求：**
   - 根据规则，北海分局组织相关中心站和海洋站在**海冰灾害影响期间**每日开展1次重点岸段现场巡视与观测。
   - 规则还指出这些数据需在每日14时前通过电子邮件发送预报中心和受影响的省（自治区、直辖市）海洋预报机构。

2. **航空遥感观测执行频率及其上报时间要求：**
   - 根据规则，北海分局协调飞机每周开展**2次**航空遥感观测。
   - 规则还指出这些数据需在飞机降落12小时内通过电子邮件传输至北海预报中心，并由北海预报中心汇总后，再传输至预报中心和受影响的省（自治区、直辖市）海洋预报机构。

综上所述：

- **巡视与观测执行频率：** 每日开展1次。
- **观测数据上报时间要求：** 在每日14时前通过电子邮件上报。
- **航空遥感观测执行频率：** 每周2次。
- **航空遥感观测数据上报时限：** 飞机降落后的12小时内。

因此，根据规则和问题描述，给出的答案是正确的。答案中提到的执行频率（每日巡视与观测1次、每周航空遥感观测2次）以及数据上报时间要求（每日14时前通过电子邮件上报、飞机降落后12小时内上报）均符合规则中的规定。

最终判断：**正确选项为“每日开展1次巡视与观测，数据在每日14时前通过电子邮件上报。航空遥感观测每周2次，数据在飞机降落24小时内上报。”**

错误选项：
- **错误选项一：“每日开展1次巡视与观测，数据在每日12时前通过电子邮件上报。”** 这个选项的时间要求有误，应为14时而非12时。
- **错误选项二：“每周开展2次巡视与观测，数据在每周14时前通过电子邮件上报。航空遥感观测每月1次，数据在飞机降落24小时内上报。”** 这些信息均不符合规则中的描述。

综上所述，最终判断为：正确答案是每日开展1次巡视与观测，数据在每日14时前通过电子邮件上报；航空遥感观测每周2次，数据在飞机降落24小时内上报。
D. 每日开展2次巡视与观测，数据在每日18时前通过电子邮件上报。航空遥感观测每周2次，数据在飞机降落18小时内上报。：根据给定的规则和问题要求，我们逐步推理论证：

1. **北海分局组织相关中心站和海洋站对受影响的重点岸段进行巡视与观测**：
   - 规则明确指出：“海冰灾害影响期间，北海分局组织相关中心站和海洋站每日开展1次重点岸段现场巡视与观测，并在每日14时前将数据通过电子邮件发送预报中心和受影响的省（自治区、直辖市）海洋预报机构。”
   
2. **执行频率**：
   - 由规则可知，巡视与观测活动的执行频率为每日1次。

3. **结果上报流程及时间要求**：
   - 规则指出：“在每日14时前将数据通过电子邮件发送预报中心和受影响的省（自治区、直辖市）海洋预报机构。”
   
4. **航空遥感观测的执行频率及其数据上报时限**：
   - 规则明确提到：“同时协调飞机每周开展2次航空遥感观测，并在飞机降落12小时内，由北海航空支队通过电子邮件传输至北海预报中心，经北海预报中心汇总后，传输至预报中心和受影响的省（自治区、直辖市）海洋预报机构。”
   
5. **上报时限**：
   - 规则指出：“在飞机降落12小时内，由北海航空支队通过电子邮件传输至北海预报中心。”

综合以上分析，给出的答案：

- 每日开展2次巡视与观测（实际上应为每日1次，根据规则）。
- 数据在每日14时前通过电子邮件上报（实际应在每日14时前上报）。
- 航空遥感观测每周2次，数据在飞机降落12小时内上报。

因此，最终判断：

**正确答案：**
每日开展1次巡视与观测，并在每日14时前将数据通过电子邮件发送预报中心和受影响的省（自治区、直辖市）海洋预报机构；航空遥感观测每周2次，数据在飞机降落12小时内上报至北海预报中心。

**错误选项分析：**
- 每日开展2次巡视与观测（应为每日1次），导致执行频率错误。
- 数据应在每日14时前上报（实际应在每日14时前上报），时间要求表述不准确。
```


需解答的问题：在应对海冰灾害过程中，北海分局组织相关中心站和海洋站对受影响的重点岸段进行巡视与观测。这项措施的执行频率和结果上报流程对于及时有效的灾害应急管理至关重要。请问，根据规则，这些巡视与观测活动的执行频率是多少，以及观测数据上报的时间要求是什么？同时，请指出航空遥感观测的执行频率及其数据上报的时限。
选择：A.每日开展1次巡视与观测，数据在每日14时前通过电子邮件上报。航空遥感观测每周2次，数据在飞机降落12小时内上报。 B.每日开展2次巡视与观测，数据在每日16时前通过电子邮件上报。航空遥感观测每周3次，数据在飞机降落24小时内上报。 C.每日开展1次巡视与观测，数据在每日12时前通过电子邮件上报。航空遥感观测每周1次，数据在飞机降落24小时内上报。 D.每日开展2次巡视与观测，数据在每日18时前通过电子邮件上报。航空遥感观测每周2次，数据在飞机降落18小时内上报。
结论：...子邮件上报”。

- **航空遥感观测的执行频率及其数据上报时限**：每周2次，并在飞机降落12小时内将数据上报。

因此，正确的选项是：

A. 每日开展1次巡视与观测，数据在每日14时前通过电子邮件上报。航空遥感观测每周2次，数据在飞机降落12小时内上报。

错误的选项分析如下：
- **B**：执行频率错误（每日2次），且上报时间要求不准确（16时）。
- **C**：执行频率和上报时间均错误（每日12时）。
- **D**：执行频率错误（每日2次），且上报时间要求不准确（18时）。

最终答案是A。
任务ID: 1
问题: 问题：在应对海冰灾害过程中，北海分局组织相关中心站和海洋站对受影响的重点岸段进行巡视与观测。这项措施的执行频率和结果上报流程对于及时有效的灾害应急管理至关重要。请问，根据规则，这些巡视与观测活动的执行频率是多少，以及观测数据上报的时间要求是什么？同时，请指出航空遥感观测的执行频率及其数据上报的时限。
已选答案: A
正确答案: A
答案是否正确：True
待选答案: ['每日开展1次巡视与观测，数据在每日14时前通过电子邮件上报。航空遥感观测每周2次，数据在飞机降落12小时内上报。', '每日开展2次巡视与观测，数据在每日16时前通过电子邮件上报。航空遥感观测每周3次，数据在飞机降落24小时内上报。', '每日开展1次巡视与观测，数据在每日12时前通过电子邮件上报。航空遥感观测每周1次，数据在飞机降落24小时内上报。', '每日开展2次巡视与观测，数据在每日18时前通过电子邮件上报。航空遥感观测每周2次，数据在飞机降落18小时内上报。']
已选规则: ['463']
相关规则: ['463']
------
规则：人力资源保障：海上溢油应急队伍主要由政府应急队伍、相关企业应急队伍和军队、武警部队、民兵组织等组成。国务院有关部门和相关地方人民政府应当根据海上溢油应急工作的需要加强政府所属的溢油应急专业队伍、公用事业队伍及相关专家库的建设，形成政府综合性溢油应急队伍。专业清污单位、船舶污染物接收处理单位、港航企业和大型石油公司是社会应急队伍的骨干。政府机构应当建立广泛参与的岸线清污社会动员机制。必要时，可以请求军队、武警部队和民兵组织参与国家重大海上溢油应急处置工作。


关于每一个答案的演绎过程：
```
A. 专业清污单位：根据给定的规则，我们逐步推理如下：

1. **确定社会应急队伍的构成：**
   - 根据规则，“专业清污单位”、“船舶污染物接收处理单位”、“港航企业和大型石油公司是社会应急队伍的骨干。”

2. **分析选项：**
   - 选项“专业清污单位”被明确列出为社会应急队伍的骨干之一。

3. **排除错误答案：**
   - 根据规则，其他组织如“船舶污染物接收处理单位”、“港航企业和大型石油公司”也是构成社会应急队伍的重要部分。
   - 因此，“专业清污单位”是社会应急队伍骨干的一部分，而不是不属于该范畴的单位。

4. **最终判断：**
   - 选项“专业清污单位”符合规则中对社会应急队伍骨干的要求，并且不是其他选项中的错误分类。

因此，根据上述推理过程和规则要求，**答案正确，选择“专业清污单位”作为社会应急队伍骨干的单位是正确的。**

结论：
- **正确选项：专业清污单位。**
- 该选项符合规则中对社会应急队伍构成的要求，并不是不属于社会应急队伍骨干的单位。

最终判断：**正确选项为“专业清污单位”。**
B. 船舶污染物接收处理单位：根据给定规则，我们可以逐步推理以下内容：

1. **明确规则中的关键信息**：
   - 海上溢油应急队伍主要由政府应急队伍、相关企业应急队伍（包括专业清污单位、船舶污染物接收处理单位、港航企业和大型石油公司）和军队、武警部队、民兵组织等组成。
   - 专业清污单位、船舶污染物接收处理单位、港航企业和大型石油公司是社会应急队伍的骨干。

2. **确定社会应急队伍构成**：
   - 社会应急队伍由若干关键单位构成，包括：专业清污单位、船舶污染物接收处理单位、港航企业和大型石油公司。
   
3. **分析选项中的单位是否符合规则**：
   - 选项“船舶污染物接收处理单位”明确属于社会应急队伍的骨干之一。

4. **排除不符合条件的选项**：
   - 船舶污染物接收处理单位是构成社会应急队伍骨干的单位，因此不属于不是构成社会应急队伍骨干的单位。

最终判断：根据规则和分析，选项“船舶污染物接收处理单位”符合规则定义中的社会应急队伍骨干单位，并非不是构成社会应急队伍骨干的单位。因此，该选项正确。

**结论**：
- 选项“船舶污染物接收处理单位”是构成社会应急队伍骨干的单位。
- 因此，它不是不是构成社会应急队伍骨干的单位。
C. 海洋观测中心：根据给定规则，我们来逐步分析并推理出哪个单位不是构成社会应急队伍骨干的单位。

### 规则解析

1. **政府应急队伍**：由国务院有关部门和相关地方人民政府建设。
2. **专业清污单位、船舶污染物接收处理单位、港航企业和大型石油公司**：这些是社会应急队伍的骨干。
3. **军队、武警部队、民兵组织**：必要时参与国家重大海上溢油应急处置工作。

### 问题核心

题目要求我们确定哪个单位不是构成社会应急队伍骨干的单位。根据规则，社会应急队伍的骨干包括：
- 专业清污单位
- 船舶污染物接收处理单位
- 港航企业
- 大型石油公司

### 分析选项“海洋观测中心”

1. **海洋观测中心**：从名称来看，它主要负责的是海上环境监测和数据分析，并不是直接参与溢油应急处置的专业清污、接收处理或相关运营工作。
2. **规则对比**：
   - 海洋观测中心并不属于专业清污单位、船舶污染物接收处理单位、港航企业或大型石油公司。

### 结论

海洋观测中心并不是构成社会应急队伍骨干的单位。因此，最终判断：

- 正确答案是“海洋观测中心”不是构成社会应急队伍骨干的单位。
D. 大型石油公司：根据给定规则，我们逐步分析并推理出答案。

1. **理解规则**：
   - 规则明确指出，专业清污单位、船舶污染物接收处理单位、港航企业和大型石油公司是社会应急队伍的骨干。
   
2. **确定关键信息**：
   - 社会应急队伍的构成包括：专业清污单位、船舶污染物接收处理单位、港航企业以及大型石油公司。

3. **分析选项**：
   - 问题中提到“以下哪项不是构成社会应急队伍骨干的单位？”
   - 规则明确指出，大型石油公司是社会应急队伍的骨干之一。

4. **排除法推理**：
   - 根据规则，大型石油公司属于社会应急队伍的骨干。
   - 因此，选项“大型石油公司”不是答案。

5. **确认正确答案**：
   - 通过上述分析和推理，可以确定“大型石油公司”是构成社会应急队伍骨干单位之一，并且题目要求选出不是构成社会应急队伍骨干的单位。因此，“大型石油公司”显然不符合题意。

最终结论：选项“大型石油公司”不是构成社会应急队伍骨干的单位。
```


需解答的问题：在国家重大海上溢油应急处置工作中，确保有序、高效的应对是至关重要的。根据规则，应急队伍构成涵盖了广泛的组织，包括政府应急队伍、相关企业应急队伍以及军、武警、民兵等。其中，对社会应急队伍的构成有特定要求。在一次涉及10000吨石油泄漏的重大海上溢油事件中，需要动员各方面力量进行应急处置。根据规则，以下哪项不是构成社会应急队伍骨干的单位？
选择：A.专业清污单位  B.船舶污染物接收处理单位  C.海洋观测中心  D.大型石油公司
结论：...大型石油公司

1. **规则定义**：
   - 规则明确指出，“专业清污单位、船舶污染物接收处理单位、港航企业和大型石油公司是社会应急队伍的骨干。”

2. **分析选项**：
   - 大型石油公司被明确列为社会应急队伍的骨干之一。

3. **排除错误答案**：
   - 根据规则，大型石油公司属于社会应急队伍骨干的一部分，并非不是构成社会应急队伍骨干的单位。

### 最终结论

通过上述推理和分析，可以确定“海洋观测中心”不属于构成社会应急队伍骨干的单位。因此，最终答案为：

C. 海洋观测中心
任务ID: 2
问题: 问题：在国家重大海上溢油应急处置工作中，确保有序、高效的应对是至关重要的。根据规则，应急队伍构成涵盖了广泛的组织，包括政府应急队伍、相关企业应急队伍以及军、武警、民兵等。其中，对社会应急队伍的构成有特定要求。在一次涉及10000吨石油泄漏的重大海上溢油事件中，需要动员各方面力量进行应急处置。根据规则，以下哪项不是构成社会应急队伍骨干的单位？
已选答案: C
正确答案: C
答案是否正确：True
待选答案: ['专业清污单位', '船舶污染物接收处理单位', '海洋观测中心', '大型石油公司']
已选规则: ['390']
相关规则: ['390']
------
规则：海上突发事件险情分级：根据国家突发事件险情上报的有关规定，并结合海上突发事件的特点及突发事件对人命安全、海洋环境的危害程度和事态发展趋势，将海上突发事件险情信息分为特大、重大、较大、一般四级。


关于每一个答案的演绎过程：
```
A. 红色：为了判断此次事件应归类为哪个险情等级，我们需要仔细分析题目给出的信息并对照规则中的分级标准。

### 分析步骤：

1. **确定事件的严重性：**
   - 客轮载有200人。
   - 船体严重受损，水进入船舱。
   - 已失去动力，随时可能沉没。
   - 人员处于极度危险之中。

2. **对照规则中的分级标准：**
   - **特大险情**：对人命安全、海洋环境有特别严重的危害和影响，并且事态发展迅速。
   - **重大险情**：对人命安全、海洋环境有严重危害和影响，需要紧急处置。
   - **较大险情**：对人命安全、海洋环境有一定危害和影响，需要及时采取措施。
   - **一般险情**：对人命安全、海洋环境有轻微危害或暂时没有明显影响。

3. **详细分析信息与分级标准的匹配度：**
   - 事件涉及200人的生命安全，这是一个非常大的数字，表明潜在的危害极大。
   - 船体严重受损且水进入船舱，这显示了紧急情况的严重性。
   - 客轮失去动力，随时可能沉没，意味着事态正在迅速恶化。

### 演绎推理：

结合以上分析：
- 事件涉及大量人员（200人），而且处于极度危险之中。
- 船体受损严重且水进入船舱，表明情况非常紧急和危急。
- 客轮失去动力，随时可能沉没，进一步加剧了事态的紧迫性。

根据规则中的分级标准来看，此次事件对人员的生命安全构成特别严重的威胁，并且事态发展迅速。因此，它应归类为**特大险情**级别。

### 最终判断：
此次海上突发事件应归类为**红色**级别的特大险情。

**理由：**
- 200人的生命安全受到严重威胁。
- 船体受损严重且水进入船舱。
- 客轮失去动力，随时可能沉没。
- 根据规则中对特大险情的定义和分级标准，此事件完全符合特大险情的标准。

因此，正确答案是**红色**。
B. 巨大级：### 分析与推理

1. **明确问题核心**：
   - 问题要求判断此次海上搜救任务中的事件等级。
   - 需要根据给定规则进行分类。

2. **理解背景信息**：
   - 客轮载有200人，遇到暴风雨导致船体严重受损、水进入船舱，人员处于极度危险之中。
   - 客轮已失去动力，随时可能沉没。
   - 事件对人命安全构成严重威胁。

3. **规则理解**：
   - 规则明确海上突发事件险情信息分为特大、重大、较大、一般四级。
   - 特大级：涉及重大人员伤亡或财产损失，对海洋环境造成严重影响，事态极度危险且紧急程度高。

4. **评估事件严重性**：
   - 200人处于极度危险中，随时面临生命威胁。
   - 客轮失去动力，可能沉没。
   - 暴风雨导致船体严重受损、水进入船舱。

5. **对比规则标准**：
   - 特大级：涉及重大人员伤亡或财产损失。根据描述，客轮上的200人处于极度危险中，符合“重大人员伤亡”的标准。
   - 事件对海洋环境和事态发展的紧急程度也极高，符合特大级别的定义。

### 结论

根据规则和背景信息的分析，此次海上突发事件应归类为**特大级**。因此，答案选项“巨大级”是错误的。

### 最终判断
- 正确选项：特大级
- 错误选项：巨大级（不符合规则定义）
C. 特大级：根据给定的规则，我们来逐步推理并判断此次事件应归类为哪个险情等级。

1. **明确定义及背景信息：**
   - 问题描述了客轮在远洋航行中遇到暴风雨导致严重受损。
   - 客轮上共有200人处于极度危险之中。
   - 船只失去动力，随时可能沉没。
   - 此次事件对人命安全构成严重威胁。

2. **分析险情分级标准：**
   - 根据规则，“海上突发事件险情信息分为特大、重大、较大、一般四级”。
   - 特大级：根据国家突发事件险情上报的有关规定，并结合海上突发事件的特点及突发事件对人命安全、海洋环境的危害程度和事态发展趋势。

3. **评估具体情景：**
   - 事件涉及200人的生命安全，且船只随时可能沉没。
   - 人员处于极度危险之中，表明情况极其紧急和严重。
   - 船只失去动力，无法自救，进一步增加了危险性。

4. **对照分级标准进行判断：**
   - 特大级的定义强调了对人命安全构成重大威胁，并且事态发展迅速、危害程度高。
   - 200人的生命安全受到严重威胁，船只随时可能沉没，符合特大级险情的标准。

5. **排除其他级别：**
   - 重大级：虽然涉及多人，但没有具体说明人员数量是否达到重大级别的标准（通常重大级会涉及较大范围或更多人）。
   - 较大级和一般级：这些等级通常适用于较小规模的突发事件，不涉及如此多的人数及严重的生命威胁。

综上所述，此次海上搜救任务中遇到的情况应归类为**特大级**险情。因此，正确答案是“特大级”。
D. II级：为了判断此次事件应归类为哪个险情等级，我们首先需要理解规则中关于海上突发事件险情分级的标准。

### 规则内容解读

根据给定的规则：
- 海上突发事件险情信息分为 **特大**、**重大**、**较大** 和 **一般** 四级。
- 分级依据包括对人命安全、海洋环境的危害程度和事态发展趋势等因素。

### 事件描述分析
- 载有200人的客轮遇到暴风雨，船体严重受损，水进入船舱。
- 客轮已失去动力，随时可能沉没。
- 人员处于极度危险之中。

### 分析与推理

1. **人命安全威胁**：
   - 事件描述中明确提到“船上人员处于极度危险之中”，并且客轮随时可能沉没。这意味着直接的人身伤亡风险极高。

2. **海洋环境危害程度**：
   - 船体受损，水进入船舱可能导致环境污染和生态破坏。
   - 客轮失去动力，可能会导致船只失控漂浮或碰撞其他船只、设施等，进一步加剧海洋环境的污染和破坏。

3. **事态发展趋势**：
   - 客轮随时可能沉没，说明事态在不断恶化，需要立即采取行动以避免更严重的后果。
   
### 评估与分类

根据上述分析：
- 由于对人命安全造成极度威胁（200人处于危险中），且客轮随时可能沉没，这表明存在极大的不确定性及潜在的灾难性结果。因此，该事件应归类为 **重大** 或 **特大** 级别。
- 相较于一般和较大级别，此次事件显然更符合重大级别的描述。

### 最终判断

根据规则中关于海上突发事件险情分级的标准以及事件的具体情况，此次事件应归类为 **重大** 级别。给定的答案“II级”在规则中的分类体系里对应的是重大级别（通常I级为特大），因此该答案是正确的。

### 结论
- 正确选项：II级

最终判断结论：
- 选择正确选项：II级
```


需解答的问题：在某次海上搜救任务中，搜救中心收到了一条紧急信息，一艘载有200人的客轮在远洋航行中遇到了暴风雨，导致船体严重受损，水进入船舱，船上的人员处于极度危险之中。客轮目前已失去动力，随时可能沉没。考虑到此次海上突发事件对人命安全的严重威胁，搜救中心需要判断并上报此事件为最高级别。此次事件应归类为哪个险情等级？
选择：
A. 红色
B. 巨大级
C. 特大级
D. II级
结论：...大级**：根据描述中的信息，此次事件对人命安全构成重大威胁，并且事态发展迅速。客轮随时可能沉没，意味着存在极大的不确定性和潜在的灾难性结果。
- **重大级**：虽然涉及多人，但没有具体说明人员数量是否达到重大级别的标准（通常重大级会涉及较大范围或更多人）。
- **较大级和一般级**：这些等级通常适用于较小规模的突发事件，不涉及如此多的人数及严重的生命威胁。

综上所述，此次海上搜救任务中遇到的情况应归类为**特大级**险情。因此，正确答案是“特大级”。

### 最终判断

选择正确选项：
C. 特大级
任务ID: 3
问题: 问题：在某次海上搜救任务中，搜救中心收到了一条紧急信息，一艘载有200人的客轮在远洋航行中遇到了暴风雨，导致船体严重受损，水进入船舱，船上的人员处于极度危险之中。客轮目前已失去动力，随时可能沉没。考虑到此次海上突发事件对人命安全的严重威胁，搜救中心需要判断并上报此事件为最高级别。此次事件应归类为哪个险情等级？
已选答案: C
正确答案: C
答案是否正确：True
待选答案: ['红色', '巨大级', '特大级', 'II级']
已选规则: ['167']
相关规则: ['167']
------
规则：Ⅰ级应急响应启动：局减灾司组织预报中心、减灾中心根据灾害发展形势，研判应急响应级别，确定启动Ⅰ级应急响应，由国家海洋局领导签发Ⅰ级应急响应启动命令。


关于每一个答案的演绎过程：
```
A. 国家海洋局直接决定应急响应级别，然后由减灾司签发启动命令。：根据给定的规则和问题描述，我们逐步进行以下推理：

1. **规则要求**：Ⅰ级应急响应启动需经过特定流程。
   - 局减灾司组织预报中心、减灾中心根据灾害发展形势研判应急响应级别。
   - 确定是否启动Ⅰ级应急响应。
   - 由国家海洋局领导签发Ⅰ级应急响应启动命令。

2. **问题描述**：面对即将到来的强烈海啸，国家海洋局决定采取更为有效的应急响应机制，并需要签发启动命令。
   - 此环节中，关键在于确定是否启动Ⅰ级应急响应以及谁来签发启动命令。

3. **分析选项**：
   - 国家海洋局直接决定应急响应级别，然后由减灾司签发启动命令。  
     该描述与规则不符，因为根据规则，应是由局减灾司组织研判并确定是否启动Ⅰ级应急响应，而不是国家海洋局直接决定应急响应级别。

4. **正确流程**：
   - 局减灾司会同预报中心和减灾中心进行研判。
   - 确定是否启动Ⅰ级应急响应。
   - 由国家海洋局领导签发启动命令。

综上所述，正确的描述应为：局减灾司组织预报中心、减灾中心根据灾害发展形势研判应急响应级别，并确定是否启动Ⅰ级应急响应；然后由国家海洋局领导签发Ⅰ级应急响应启动命令。因此，给出的选项中没有准确反映规则要求的流程和关键职能。

最终判断：给出的选项“国家海洋局直接决定应急响应级别，然后由减灾司签发启动命令”是错误的。正确的描述应为局减灾司组织预报中心、减灾中心根据灾害发展形势研判应急响应级别，并确定是否启动Ⅰ级应急响应；然后由国家海洋局领导签发Ⅰ级应急响应启动命令。
B. 局减灾司单独根据已有信息判定启动Ⅰ级应急响应，无需与预报中心和减灾中心共同研判。：根据给定的规则和问题描述，我们逐步进行演绎推理：

1. **规则明确指出：**
   - Ⅰ级应急响应启动需要“局减灾司组织预报中心、减灾中心根据灾害发展形势，研判应急响应级别”。
   - 确定启动Ⅰ级应急响应需要由国家海洋局领导签发启动命令。

2. **问题描述中的选项：**
   - 局减灾司单独根据已有信息判定启动Ⅰ级应急响应，无需与预报中心和减灾中心共同研判。

3. **分析推理过程：**
   - 根据规则，Ⅰ级应急响应的启动需要局减灾司、预报中心和减灾中心共同研判。
   - 选项描述中提到“局减灾司单独根据已有信息判定启动Ⅰ级应急响应”，这不符合规则要求。

4. **结论：**
   - 选项中的描述忽略了规则中明确规定的多方共同研判的要求，因此是错误的。

最终判断：
- 正确答案应为不选择该选项。
- 因此，最准确地反映了规则要求的流程和关键职能的描述应当包含局减灾司、预报中心和减灾中心共同参与研判的过程。
C. 局减灾司、预报中心和减灾中心共同研判应急响应级别，然后由国家海洋局领导签发Ⅰ级应急响应启动命令。：为了验证给定描述是否准确反映了规则要求的流程和关键职能，我们需逐步分析并对比问题与规则之间的对应关系。

1. **描述中提到的主体：**
   - 局减灾司、预报中心和减灾中心共同研判应急响应级别。
   - 国家海洋局领导签发Ⅰ级应急响应启动命令。

2. **规则中的要求：**
   - Ⅰ级应急响应启动由局减灾司组织预报中心、减灾中心根据灾害发展形势，研判应急响应级别。
   - 确定启动Ⅰ级应急响应后，由国家海洋局领导签发Ⅰ级应急响应启动命令。

3. **对比分析：**
   - 在描述中提到“局减灾司、预报中心和减灾中心共同研判应急响应级别”，这与规则中的“局减灾司组织预报中心、减灾中心根据灾害发展形势，研判应急响应级别”基本一致。这里的核心是三者共同参与了应急响应级别的研判。
   - 在描述中提到“由国家海洋局领导签发Ⅰ级应急响应启动命令”，这也符合规则要求的“由国家海洋局领导签发Ⅰ级应急响应启动命令”。

根据以上分析，可以得出结论：该描述准确地反映了规则要求的流程和关键职能。

最终判断：
- **正确选项**：“局减灾司、预报中心和减灾中心共同研判应急响应级别，然后由国家海洋局领导签发Ⅰ级应急响应启动命令。”这一描述最准确地反映了规则要求。
D. 国家海洋局领导个人直接进行灾害研判，并决定是否启动Ⅰ级应急响应，不需其他部门参与。：根据给定的规则和问题描述，我们来逐步推理并验证每个选项。

**规则：**
- Ⅰ级应急响应启动需由局减灾司组织预报中心、减灾中心进行研判。
- 局领导签发Ⅰ级应急响应启动命令。

**问题情景：**
- 面对强烈海啸，国家海洋局需要决定是否启动Ⅰ级应急响应。
- 根据规则，必须有以下步骤：
  - 局减灾司组织预报中心和减灾中心进行研判。
  - 确定是否启动Ⅰ级应急响应。
  - 国家海洋局领导签发启动命令。

**选项分析：**
1. **国家海洋局领导个人直接进行灾害研判，并决定是否启动Ⅰ级应急响应，不需其他部门参与。**

   根据规则，这一描述是错误的。具体理由如下：
   - 规则明确指出，启动Ⅰ级应急响应需要局减灾司组织预报中心和减灾中心共同进行研判。
   - 局领导仅在确定启动后签发命令，并非直接进行灾害研判。

因此，选项1的描述不符合规则要求，是错误的。

**最终判断：**
- 选项1（国家海洋局领导个人直接进行灾害研判，并决定是否启动Ⅰ级应急响应，不需其他部门参与）最准确地反映了规则要求的流程和关键职能为错误。
```


需解答的问题：在国家海洋局领导面对日益严峻的风暴潮、海浪、海啸和海冰灾害形势下，决定采取更为有效的应急响应机制。根据最应急处置规则，当灾害发展形势达到一定程度时，局减灾司须会同预报中心和减灾中心研判应急响应级别，并确定是否启动Ⅰ级应急响应。一次具体情景下，面对即将到来的强烈海啸，国家海洋局领导需要签发启动命令。此环节中，关于启动Ⅰ级应急响应的描述中，哪项最准确地反映了规则要求的流程和关键职能？
选择：A.国家海洋局直接决定应急响应级别，然后由减灾司签发启动命令。
B.局减灾司单独根据已有信息判定启动Ⅰ级应急响应，无需与预报中心和减灾中心共同研判。
C.局减灾司、预报中心和减灾中心共同研判应急响应级别，然后由国家海洋局领导签发Ⅰ级应急响应启动命令。
D.国家海洋局领导个人直接进行灾害研判，并决定是否启动Ⅰ级应急响应，不需其他部门参与。
结论：...准确地反映了规则要求的流程。根据规则，Ⅰ级应急响应需由局减灾司组织预报中心、减灾中心进行研判，并确定是否启动；之后由国家海洋局领导签发启动命令。

- 选项D：“国家海洋局领导个人直接进行灾害研判，并决定是否启动Ⅰ级应急响应，不需其他部门参与。”
  - 这一选项也不符合规则。根据规则，Ⅰ级应急响应需要局减灾司组织预报中心、减灾中心共同进行研判。

综上所述，最准确地反映了规则要求的流程和关键职能的是选项C：“局减灾司、预报中心和减灾中心共同研判应急响应级别，然后由国家海洋局领导签发Ⅰ级应急响应启动命令。”
任务ID: 4
问题: 问题：在国家海洋局领导面对日益严峻的风暴潮、海浪、海啸和海冰灾害形势下，决定采取更为有效的应急响应机制。根据最应急处置规则，当灾害发展形势达到一定程度时，局减灾司须会同预报中心和减灾中心研判应急响应级别，并确定是否启动Ⅰ级应急响应。一次具体情景下，面对即将到来的强烈海啸，国家海洋局领导需要签发启动命令。此环节中，关于启动Ⅰ级应急响应的描述中，哪项最准确地反映了规则要求的流程和关键职能？
已选答案: C
正确答案: C
答案是否正确：True
待选答案: ['国家海洋局直接决定应急响应级别，然后由减灾司签发启动命令。', '局减灾司单独根据已有信息判定启动Ⅰ级应急响应，无需与预报中心和减灾中心共同研判。', '局减灾司、预报中心和减灾中心共同研判应急响应级别，然后由国家海洋局领导签发Ⅰ级应急响应启动命令。', '国家海洋局领导个人直接进行灾害研判，并决定是否启动Ⅰ级应急响应，不需其他部门参与。']
已选规则: ['467']
相关规则: ['467']
------
规则：应急预案体系：民用航空器飞行事故应急预案体系由本预案、国务院相关部门应急预案、有关地方人民政府应急预案、民用航空地区管理机构及其派出机构民用航空器飞行事故应急预案、民用运输机场应急救援预案、民用航空相关企事业单位应急预案等组成。飞行事故发生时，有关各级政府和部门、单位、组织应各司其职，按照各自预案及时有效地开展应急处置工作。
现场指挥和协调：国家处置飞行事故指挥部负责民用航空器飞行事故应急统一指挥、协调和作出重大决策。各应急机构接到事故信息和指挥命令后，立即派出有关人员赶赴现场，在事故现场应急指挥部统一指挥下，按照各自的预案和处置规程，协同配合，共同实施搜救和紧急处置行动。事故现场应急指挥部由地方人民政府、民用航空地区管理机构及其派出机构和参加现场应急救援主要机构的负责人组成。事故现场应急指挥部成立前，各应急救援队伍必须在当地政府和民用航空地区管理机构或其派出机构的协调指挥下坚决、迅速地实施先期处置，全力控制事故态势，防止次生、衍生和耦合事件的发生。


关于每一个答案的演绎过程：
```
A. 国家处置飞行事故指挥部、地方人民政府、民用航空地区管理机构及其派出机构：根据给定的问题及规则，我们逐步分析并推理论证涉及此次飞行事故紧急应对的相关组织和部门。

### 问题重述：
在2032年10月15日发生的民用航空器飞行事故中，需组建事故现场应急指挥部，并协调各应急机构的行动。根据应急预案体系及相关规定，涉及到哪些组织和部门？

### 规则解析：
1. **应急预案体系**：由本预案、国务院相关部门应急预案、有关地方人民政府应急预案、民用航空地区管理机构及其派出机构民用航空器飞行事故应急预案、民用运输机场应急救援预案、民用航空相关企事业单位应急预案等组成。
2. **现场指挥和协调**：
   - 国家处置飞行事故指挥部负责统一指挥、协调和作出重大决策。
   - 各应急机构接到信息后，立即派出人员赶赴现场，在事故现场应急指挥部统一指挥下，按照各自预案和处置规程进行行动。
   - 事故现场应急指挥部由地方人民政府、民用航空地区管理机构及其派出机构和参加现场应急救援主要机构的负责人组成。

### 分析与推理：
1. **国家处置飞行事故指挥部**：根据规则，该指挥部负责统一指挥、协调和作出重大决策。因此，这是必然涉及的组织。
2. **地方人民政府**：作为事故现场距离最近的城市中心约20公里的地方政府，应当参与应急救援行动，并在事故现场应急指挥部中发挥重要作用。
3. **民用航空地区管理机构及其派出机构**：这些机构负责应急预案的具体实施和协调工作，因此也是必须涉及的部门。

### 排除其他选项：
- 本题要求选择涉及到紧急应对此次事故的相关组织和部门。题目明确指出需要组建事故现场应急指挥部，并由地方人民政府、民用航空地区管理机构及其派出机构等共同组成。
- 国家处置飞行事故指挥部是统一指挥协调的核心，但并非直接参与现场救援的主体。
- 其他选项如“国务院相关部门”、“民用运输机场应急救援预案”、“民用航空相关企事业单位应急预案”的具体实施和协调工作主要由地方人民政府、地区管理机构及其派出机构执行。

### 最终判断：
根据上述分析与推理，正确答案为：**国家处置飞行事故指挥部、地方人民政府、民用航空地区管理机构及其派出机构**。
B. 只包括民用航空地区管理机构及其派出机构、民用运输机场：根据给定的问题和规则，我们逐步进行演绎推理：

1. **问题背景**：2032年10月15日一架国际航班在飞往上海的途中发生飞行事故。
2. **应急处置规则**：
   - 民用航空器飞行事故应急预案体系由多个预案组成，包括国务院相关部门应急预案、有关地方人民政府应急预案、民用航空地区管理机构及其派出机构民用航空器飞行事故应急预案、民用运输机场应急救援预案、民用航空相关企事业单位应急预案等。
   - 国家处置飞行事故指挥部负责统一指挥、协调和作出重大决策。各应急机构接到信息后立即派出人员赶赴现场，在事故现场应急指挥部的统一指挥下，按照各自的预案和处置规程进行搜救和紧急处置行动。

3. **事故现场应急指挥部组成**：
   - 由地方人民政府、民用航空地区管理机构及其派出机构和参加现场应急救援主要机构的负责人组成。
   - 在事故现场应急指挥部成立前，各应急救援队伍需在当地政府和民用航空地区管理机构或其派出机构的协调指挥下实施先期处置。

4. **涉及组织和部门**：
   - 从规则中可以看到，涉及到紧急应对此次事故的主要组织和部门包括：
     - 地方人民政府
     - 民用航空地区管理机构及其派出机构
     - 相关民用运输机场（根据应急预案体系）
     - 参加现场应急救援的其他主要机构

5. **排除错误选项**：
   - 从规则中明确指出，涉及的主要组织和部门必须包括地方人民政府、民用航空地区管理机构及其派出机构、相关民用运输机场等。因此，“只包括民用航空地区管理机构及其派出机构、民用运输机场”这一答案是不完全正确的。

最终判断：根据给定的规则和背景信息，事故现场应急指挥部涉及的主要组织和部门应为地方人民政府、民用航空地区管理机构及其派出机构以及相关民用运输机场等。因此，正确选项应该是包含这些全部或部分单位的组合，而不是仅限于“只包括民用航空地区管理机构及其派出机构、民用运输机场”。

最终答案：**错误选项是“只包括民用航空地区管理机构及其派出机构、民用运输机场”。正确的选项应为地方人民政府、民用航空地区管理机构及其派出机构和相关民用运输机场等。**
C. 地方人民政府、民用航空地区管理机构及其派出机构、参加现场应急救援的主要机构负责人：根据给定规则，我们逐步推理如下：

1. **确定飞行事故发生后需要立即组建的组织：**
   - 根据规则“现场指挥和协调”部分提到，“事故现场应急指挥部由地方人民政府、民用航空地区管理机构及其派出机构和参加现场应急救援主要机构的负责人组成。”因此，明确指出事故现场应急指挥部应包括：
     - 地方人民政府
     - 民用航空地区管理机构及其派出机构
     - 参加现场应急救援的主要机构负责人

2. **验证选项是否符合规则：**
   - 问题提供的答案为：“地方人民政府、民用航空地区管理机构及其派出机构、参加现场应急救援的主要机构负责人”。
   - 此选项完全符合规则中提到的构成事故现场应急指挥部的三个组成部分。

3. **确认其他可能的相关组织和部门：**
   - 规则中还提到“国家处置飞行事故指挥部负责民用航空器飞行事故应急统一指挥、协调和作出重大决策”，但题目询问的是具体参与事故现场应急指挥部的组成，因此无需涉及国家处置飞行事故指挥部。
   
4. **排除无关选项：**
   - 未提及其他部门或单位如民航局、机场管理机构等，这些虽然在应急预案体系中可能有角色，但在题干要求的具体组成中并未明确列出。

最终判断：
- 正确答案为“地方人民政府、民用航空地区管理机构及其派出机构、参加现场应急救援的主要机构负责人”。

因此，选择该选项是完全正确的。
D. 所有上述选项加上国务院相关部门：根据给定规则和问题描述进行推理如下：

1. **飞行事故发生背景**：
   - 2032年10月15日，一架国际航班在飞往上海途中发生飞行事故。
   - 事故发生后需立即组建事故现场应急指挥部并协调各应急机构行动。

2. **应急预案体系构成**（规则中提到）：
   - 民用航空器飞行事故应急预案体系由本预案、国务院相关部门应急预案、有关地方人民政府应急预案、民用航空地区管理机构及其派出机构民用航空器飞行事故应急预案、民用运输机场应急救援预案、民用航空相关企事业单位应急预案等组成。

3. **现场指挥和协调**（规则中提到）：
   - 国家处置飞行事故指挥部负责应急统一指挥、协调和作出重大决策。
   - 各应急机构接到信息后立即派出人员赶赴现场，在事故现场应急指挥部统一指挥下，按照各自预案和处置规程行动。
   - 事故现场应急指挥部由地方人民政府、民用航空地区管理机构及其派出机构和参加现场应急救援主要机构的负责人组成。

4. **涉及紧急应对此次事故的组织和部门**：
   - 根据规则中的描述，涉及到的主要组织包括：国家处置飞行事故指挥部、地方人民政府、民用航空地区管理机构及其派出机构、参与现场应急救援的主要机构等。
   
5. **分析选项**：
   - 问题中提到“所有上述选项加上国务院相关部门”。
   - 在规则中明确指出，涉及的主体有：
     - 国家处置飞行事故指挥部（与国务院相关部门有关）；
     - 地方人民政府；
     - 民用航空地区管理机构及其派出机构；
     - 参加现场应急救援的主要机构。

6. **判断选项**：
   - 选项中提到“所有上述选项加上国务院相关部门”是正确的，因为国务院相关部门是国家处置飞行事故指挥部的一部分。
   
最终结论：正确选项为“所有上述选项加上国务院相关部门”。

因此，最终答案是：**所有上述选项加上国务院相关部门**。
```


需解答的问题：在2032年10月15日，一架国际航班的民用航空器在飞往上海的途中，在上海市郊外发生了飞行事故。事故发生后，根据新的民用航空器飞行事故应急处置规则，需立即组建事故现场应急指挥部，并开始协调各应急机构的行动。事故现场距离最近的城市中心约20公里。涉及到紧急应对此次事故的组织和部门包括哪些？
选择： 
A.国家处置飞行事故指挥部、地方人民政府、民用航空地区管理机构及其派出机构
B.只包括民用航空地区管理机构及其派出机构、民用运输机场
C.地方人民政府、民用航空地区管理机构及其派出机构、参加现场应急救援的主要机构负责人
D.所有上述选项加上国务院相关部门
结论：...故指挥部负责整体指挥和协调，并且国家处置飞行事故指挥部与国务院相关部门有关。因此，这些部门也应当参与其中。

通过上述分析可以发现：

- 选项A提到了国家处置飞行事故指挥部、地方人民政府、民用航空地区管理机构及其派出机构。
- 选项C提到的地方人民政府、民用航空地区管理机构及其派出机构和参加现场应急救援的主要机构负责人是正确的。
- 选项D包含了所有上述选项加上国务院相关部门。

因此，最终答案是：**正确选项为“所有上述选项加上国务院相关部门”。**

所以，选择 D. 所有上述选项加上国务院相关部门。
任务ID: 5
问题: 问题：在2032年10月15日，一架国际航班的民用航空器在飞往上海的途中，在上海市郊外发生了飞行事故。事故发生后，根据新的民用航空器飞行事故应急处置规则，需立即组建事故现场应急指挥部，并开始协调各应急机构的行动。事故现场距离最近的城市中心约20公里。涉及到紧急应对此次事故的组织和部门包括哪些？
已选答案: D
正确答案: A
答案是否正确：False
待选答案: ['国家处置飞行事故指挥部、地方人民政府、民用航空地区管理机构及其派出机构', '只包括民用航空地区管理机构及其派出机构、民用运输机场', '地方人民政府、民用航空地区管理机构及其派出机构、参加现场应急救援的主要机构负责人', '所有上述选项加上国务院相关部门']
已选规则: ['202', '217']
相关规则: ['202', '217']
------
Accuracy: 0.8
Hit Score: 1.0
Final Score: 0.9
规则：交通运输保障：为保证通信保障应急车辆、物资迅速抵达抢修现场，有关部门通过组织协调必要的交通运输工具、给应急通信专用车辆配发特许通行证等方式，及时提供运输通行保障。


关于每一个答案的演绎过程：
```
A. 组织协调必要的交通运输工具：根据题目给出的规则和问题，我们需要判断以下哪项不是国家紧急管理部门在确保应急车辆和物资迅速到达抢修现场时所采取的措施。

**规则内容：**
- 交通运输保障：为保证通信保障应急车辆、物资迅速抵达抢修现场，有关部门通过组织协调必要的交通运输工具、给应急通信专用车辆配发特许通行证等方式，及时提供运输通行保障。

**选项分析：**

1. **组织协调必要的交通运输工具**
   - 根据规则中的描述，“为保证通信保障应急车辆、物资迅速抵达抢修现场”，“有关部门通过组织协调必要的交通运输工具”是明确提到的一项措施。因此，这符合规则的要求。

2. **给应急通信专用车辆配发特许通行证**
   - 同样根据规则中的描述，“给应急通信专用车辆配发特许通行证”也是明确提到的另一项措施。这也符合规则的要求。

**推理过程：**

- 规则中明确指出，为确保应急车辆和物资能够迅速抵达抢修现场，有关部门会采取两种主要措施：
  - 组织协调必要的交通运输工具
  - 给应急通信专用车辆配发特许通行证

根据给出的选项，我们需要找出哪一项不是在规则中提到的措施。从规则内容来看，“组织协调必要的交通运输工具”和“给应急通信专用车辆配发特许通行证”都是明确指出的措施。

因此，问题中的所有给出选项均是符合规则要求的措施之一，而题目要求选择一个不符合该措施的选项，则不存在这样的选项。

**最终判断：**

根据题目的表述，每个选项都符合规则中提到的“交通运输保障”措施。因此，没有一个选项是不正确的。正确答案应为无错误选项，即所有选项均正确。

**输出结果：**

- 由于所有选项均符合规则要求，因此不存在不符合题意的选项。
- 正确判断为：以上选项均为正确的措施。
B. 给应急通信专用车辆配发特许通行证：根据题目给出的规则和问题背景信息，我们逐步推理论证如下：

1. **理解背景信息**：
   - 地震规模为7.8级，导致东部沿海地区通信基础设施严重受损。
   - 国家紧急管理部门启动应急通信保障计划。
   - 由于主要交通干线部分受阻，物资运输和人员调配面临挑战。

2. **规则分析**：
   - 规则明确指出“交通运输保障”措施包括：组织协调必要的交通运输工具、给应急通信专用车辆配发特许通行证等方式，以确保车辆和物资迅速抵达抢修现场。
   
3. **选项分析**：
   - 选项中提到的“为应急通信专用车辆配发特许通行证”，正是规则中明确指出的一种保障措施。

4. **排除法验证**：
   - 规则中没有提及其他具体的交通运输工具或额外的措施，因此可以推断这些措施是合理且必要的。
   - 选项中的“给应急通信专用车辆配发特许通行证”属于规则中提到的具体措施之一。

5. **结论**：
   - 根据以上分析和规则内容，选项“为应急通信专用车辆配发特许通行证”是符合交通运输保障要求的合理措施。
   - 因此，“给应急通信专用车辆配发特许通行证”不是答案中所要排除的对象。

综上所述，根据题干给出的信息和规则，正确答案应为：**选项中的“给应急通信专用车辆配发特许通行证”并非有关部门采取的措施之一。**

因此，最终判断是：**该选项表述不准确，不符合逻辑推理要求。正确的答案应当排除这个选项。**
C. 增加应急通信卫星的覆盖范围：根据题目给出的信息和规则，我们来逐步分析并推理出哪个选项不是国家紧急管理部门为确保应急车辆和物资迅速到达抢修现场所采取的措施。

### 背景信息：
- 一场规模7.8级地震在东部沿海地区发生。
- 地方通信基础设施严重受损。
- 国家紧急管理部门启动了通信保障应急处置计划，包括派遣应急通信修复车辆和物资尽快抵达受影响区域进行抢修。
- 受灾区域的主要交通干线部分受阻。

### 规则内容：
交通运输保障措施包括：
1. 组织协调必要的交通运输工具。
2. 为应急通信专用车辆配发特许通行证。

### 分析选项：
1. **增加应急通信卫星的覆盖范围**：根据规则，交通运输保障主要关注的是地面交通和相关通行权限，而“增加应急通信卫星的覆盖范围”是属于通信基础设施的一部分，并非直接涉及到交通运输工具或通行权。因此，这不符合交通运输保障的具体措施。

2. 组织协调必要的交通运输工具：
   - 根据规则明确指出需要组织协调必要的交通运输工具以确保物资和车辆能够迅速抵达现场。
   
3. 为应急通信专用车辆配发特许通行证：
   - 同样根据规则，这属于直接支持应急通信专用车辆通行的措施。

### 结论：
选项“增加应急通信卫星的覆盖范围”并不是国家紧急管理部门为确保应急车辆和物资迅速到达抢修现场所采取的交通运输保障措施。因此，最终答案是：

**不是有关部门为确保应急车辆和物资迅速到达抢修现场所采取的措施的是：增加应急通信卫星的覆盖范围。**

### 最终判断：
正确选项：**增加应急通信卫星的覆盖范围**（不属于交通运输保障措施）。
D. 及时提供运输通行保障：根据题目提供的信息和规则，我们需要判断哪项措施不是为了确保应急车辆和物资迅速到达抢修现场所采取的。

**解析问题：**
- 问题核心是找出不符合“交通运输保障”措施的选项。
- 根据规则，“交通运输保障”的具体措施包括：
  - 组织协调必要的交通运输工具
  - 给应急通信专用车辆配发特许通行证

**逐项分析选项：**

1. **及时提供运输通行保障**
   - 这是根据规则明确提到的“交通运输保障”中的措施之一。
   - 因此，这是正确的措施。

2. 其他选项未给出，但假设其他选项不符合上述两条措施之一，则应指出其错误之处。

**推理过程：**

- 根据规则，“交通运输保障”的具体措施包括：
  - 组织协调必要的交通运输工具
  - 给应急通信专用车辆配发特许通行证

- 题目要求找出“不是”采取的措施，即不符合上述两条措施之一的选项。

**最终判断：**

题目中给出的唯一明确提到的措施是“及时提供运输通行保障”，这与规则中的描述完全一致。假设其他选项未给出或明显不符，则可以确定没有错误选项。

因此，根据规则和问题要求，“及时提供运输通行保障”是符合交通运输保障措施的正确选项。

**最终答案：**
- 不存在不符合“交通运输保障”的措施。
- 所以，所有选项都符合题意。但若题目仅要求选择一个否定项，则应指出其他可能的错误选项并确认“及时提供运输通行保障”为正确的措施。
```


需解答的问题：考虑到紧急通信保障在大型自然灾害后的关键性作用，假设一场规模7.8的地震在东部沿海地区发生，导致当地通信基础设施严重受损。国家紧急管理部门迅速启动通信保障应急处置计划，包括派遣应急通信修复车辆和物资尽快抵达受影响区域进行抢修。然而，受灾区域的主要交通干线部分受阻，这对物资运输和人员调配构成了巨大挑战。根据通信保障应急处置规则中的“交通运输保障”措施，以下哪项不是有关部门为确保应急车辆和物资迅速到达抢修现场所采取的措施？
选择：
A. 组织协调必要的交通运输工具
B. 给应急通信专用车辆配发特许通行证
C. 增加应急通信卫星的覆盖范围
D. 及时提供运输通行保障
结论：... 
4. **D. 及时提供运输通行保障**
   - 根据规则，“为保证通信保障应急车辆、物资迅速抵达抢修现场”，需要及时提供运输通行保障。

从以上分析可以看出：
- 选项A和B都是明确提到的交通运输保障的具体措施。
- 选项C涉及的是通信基础设施的扩展，而不是交通运输工具或通行权限。
- 选项D也是规则中明确指出的措施之一。

因此，最终答案是：**不是有关部门为确保应急车辆和物资迅速到达抢修现场所采取的措施的是增加应急通信卫星的覆盖范围。**

正确答案是 **C. 增加应急通信卫星的覆盖范围**。
任务ID: 6
问题: 问题：考虑到紧急通信保障在大型自然灾害后的关键性作用，假设一场规模7.8的地震在东部沿海地区发生，导致当地通信基础设施严重受损。国家紧急管理部门迅速启动通信保障应急处置计划，包括派遣应急通信修复车辆和物资尽快抵达受影响区域进行抢修。然而，受灾区域的主要交通干线部分受阻，这对物资运输和人员调配构成了巨大挑战。根据通信保障应急处置规则中的“交通运输保障”措施，以下哪项不是有关部门为确保应急车辆和物资迅速到达抢修现场所采取的措施？
已选答案: C
正确答案: C
答案是否正确：True
待选答案: ['组织协调必要的交通运输工具', '给应急通信专用车辆配发特许通行证', '增加应急通信卫星的覆盖范围', '及时提供运输通行保障']
已选规则: ['424']
相关规则: ['424']
------
规则：指挥和协调：危险化学品事故现场救援指挥坚持属地为主的原则。事故发生后，发生事故的企业应当立即启动企业预案，组织救援，按照分级响应的原则由当地政府成立现场应急救援指挥部，按照相关处置预案，统一协调指挥事故救援。本预案启动后，安全监管总局协调指挥的主要内容是：（1）根据现场救援工作需要和全国安全生产应急救援力量的布局，协调调动有关的队伍、装备、物资，保障事故救援需要；（2）组织有关专家指导现场救援工作，协助当地人民政府提出救援方案，制定防止事故引发次生灾害的方案，责成有关方面实施；（3）针对事故引发或可能引发的次生灾害，适时通知有关方面启动相关应急预案；（4）协调事故发生地相邻地区配合、支援救援工作；（5）必要时，商请部队和武警参加应急救援。


关于每一个答案的演绎过程：
```
A. 仅负责协调本企业内部的救援队伍和资源：根据给定规则和问题描述，我们需要逐步推理并判断哪个选项是正确的。

### 1. 理解背景信息与规则

- **事故情况**：一起严重的危险化学品事故发生后，企业启动了预案，并组织了紧急救援。
- **现场应急救援指挥部职责**：
  - 根据分级响应原则，由当地政府成立现场应急救援指挥部。
  - 指挥部的主要任务包括协调调动必要的救援队伍、装备和物资；组织专家指导救援工作；制定防止次生灾害的方案，并在必要时商请部队和武警参与救援。

### 2. 分析给定规则

根据规则中的具体描述：
- **安全监管总局协调指挥的主要内容**：
  - 协调调动有关队伍、装备、物资，保障事故救援需要。
  - 组织专家指导现场救援工作。
  - 制定防止次生灾害的方案。
  - 必要时商请部队和武警参加应急救援。

### 3. 对比选项

根据规则中明确规定的职责：
- **仅负责协调本企业内部的救援队伍和资源**：这个描述是不正确的。因为规则中提到的是由当地政府成立现场应急救援指挥部，而不仅仅是企业的内部协调。
  
### 4. 正确答案

结合上述分析，正确的描述应该是：

- 现场应急救援指挥部的主要任务包括协调调动必要的救援队伍、装备和物资；组织专家指导救援工作；制定防止次生灾害的方案，并在必要时商请部队和武警参与救援。

因此，根据规则，现场应急救援指挥部还需要执行的重要功能是**负责协调本企业外部的救援队伍和资源**。这包括外部的政府机构、专业救援队以及可能需要的军队支援等。

### 最终判断

- 正确选项：**负责协调本企业外部的救援队伍和资源**

其他选项均不符合规则中明确规定的职责范围，因此应排除。
B. 只处理与事故直接相关的应急响应，不涉及与其他地区的协调：根据给定的规则和问题描述，我们需要确定现场应急救援指挥部在危险化学品事故中应执行的重要功能。

首先明确几个关键点：
1. **属地为主原则**：事故发生后，由发生事故的企业启动企业预案，并组织救援。
2. **政府成立现场应急救援指挥部**：根据分级响应的原则，由当地政府成立现场应急救援指挥部。
3. **安全监管总局的协调指挥内容**：包括调动队伍、装备和物资；组织专家指导工作；制定防止次生灾害方案；通知相关方面启动应急预案；协调相邻地区配合和支持；必要时商请部队和武警参与。

根据这些规则，我们可以进行以下推理：

1. 现场应急救援指挥部的主要任务之一是**协调调动必要的救援队伍、装备和物资**。这符合规则中的（1）。
2. **组织专家指导救援工作**。这也符合规则中的（2），即“组织有关专家指导现场救援工作”。
3. 制定防止次生灾害的方案。这也是规则中的职责之一，即“制定防止事故引发次生灾害的方案”。
4. 在必要时商请部队和武警参与救援工作。这同样符合规则中的（5）。

接下来我们需要判断哪项描述是正确的，并找出与事故直接相关的应急响应不涉及与其他地区的协调这一选项的错误之处：

**只处理与事故直接相关的应急响应，不涉及与其他地区的协调**。
- 这一选项显然忽略了规则中明确提到的“必要时协调事故发生地相邻地区配合、支援救援工作”（即第5点），以及“安全监管总局协调指挥”的内容。

因此，根据上述分析和推理，正确的答案是：**现场应急救援指挥部在事故严重性和对周边地区的影响下，还需要执行与其他地区的协调功能。**

最终判断：
- 正确选项应为 **涉及与其他地区的协调**。
- 错误选项是 **只处理与事故直接相关的应急响应，不涉及与其他地区的协调**。
C. 协调事故发生地相邻地区配合、支援救援工作：根据给定的问题和规则，我们需要分析现场应急救援指挥部的主要任务，并判断选项中的描述是否正确。

### 规则分析

1. **协调调动必要的救援队伍、装备和物资**：这是正确的。
2. **组织专家指导救援工作**：这是正确的。
3. **制定防止次生灾害的方案**：这是正确的。
4. **在必要时，商请部队和武警参与救援工作**：这是正确的。

### 问题核心

根据规则中的描述，现场应急救援指挥部的主要任务包括协调调动必要的救援队伍、装备和物资；组织专家指导救援工作；制定防止次生灾害的方案；并在必要时，商请部队和武警参与救援工作。这四点在规则中已经明确列出，并且是正确的。

### 选项分析

问题要求我们判断现场应急救援指挥部还需要执行哪项重要功能：

- **协调事故发生地相邻地区配合、支援救援工作**：根据规则中的第（4）条，"协调事故发生地相邻地区配合、支援救援工作"确实是危险化学品事故应急处置规则中的一项重要任务。

### 结论

结合以上分析和规则的明确描述，可以确定选项“协调事故发生地相邻地区配合、支援救援工作”是正确的。因此，该选项符合问题的要求，并且与给定规则完全一致。

最终答案：**协调事故发生地相邻地区配合、支援救援工作** 是正确的重要功能之一。
D. 独立于当地政府行动，不需要与政府的其他部门进行沟通协调：根据给定的问题和规则，我们需要确定现场应急救援指挥部的重要功能，并判断哪个选项是正确的。

### 问题核心
事故导致的火灾迅速蔓延，威胁到周边居民区和环境安全，形势极为危急。需要立即建立现场应急救援指挥部。关于现场应急救援指挥部的主要任务包括协调调动必要的救援队伍、装备和物资；组织专家指导救援工作；制定防止次生灾害的方案；并在必要时，商请部队和武警参与救援工作。

### 规则分析
根据规则中提到的内容：
1. **属地为主原则**：事故发生后，发生事故的企业应当立即启动企业预案，组织救援。由当地政府成立现场应急救援指挥部。
2. **安全监管总局协调指挥的主要内容**包括：
   - 协调调动有关的队伍、装备、物资；
   - 组织专家指导现场救援工作；
   - 制定防止次生灾害的方案；
   - 必要时，商请部队和武警参与应急救援。

### 选项分析
问题要求判断哪个选项是正确的：
- **独立于当地政府行动，不需要与政府的其他部门进行沟通协调**：此描述明显不符合规则中“属地为主原则”以及安全监管总局协调指挥的主要内容。根据规则，事故现场需要由地方政府成立指挥部，并且需要协调和调动相关资源。

### 正确答案
选项中应排除“独立于当地政府行动，不需要与政府的其他部门进行沟通协调”。正确的描述应该是：**在必要时，商请部队和武警参与应急救援**。这是符合规则中的内容：（5）必要时，商请部队和武警参加应急救援。

### 结论
现场应急救援指挥部的重要功能之一是在必要时，商请部队和武警参与救援工作。因此，正确选项是：
- **在必要时，商请部队和武警参与应急救援**。
```


需解答的问题：在一起严重的危险化学品事故发生后，一家化工企业紧急启动了企业预案并组织救援。事故导致的火灾迅速蔓延，威胁到周边居民区和环境安全，形势极为危急。按照危险化学品事故应急处置规则，需要立即建立现场应急救援指挥部。关于现场应急救援指挥部的职能和行动，以下哪项描述是正确的？现场应急救援指挥部的主要任务包括协调调动必要的救援队伍、装备和物资；组织专家指导救援工作；制定防止次生灾害的方案；并在必要时，商请部队和武警参与救援工作。根据事故的严重性和对周边地区的影响，现场救援指挥部还需要执行哪项重要功能？
选择：
A. 仅负责协调本企业内部的救援队伍和资源
B. 只处理与事故直接相关的应急响应，不涉及与其他地区的协调
C. 协调事故发生地相邻地区配合、支援救援工作
D. 独立于当地政府行动，不需要与政府的其他部门进行沟通协调
结论：...区配合、支援救援工作”，事故现场应急救援指挥部确实需要与相邻地区进行沟通和协作，以共同应对紧急情况。
   
4. **D. 独立于当地政府行动，不需要与政府的其他部门进行沟通协调**
   - 这个选项明显不符合规则。按照属地为主原则，事故发生后应由地方政府成立现场应急救援指挥部，并且需要与其他政府部门进行沟通和协调。

### 最终答案

根据上述分析，正确描述是 **C. 协调事故发生地相邻地区配合、支援救援工作**。这不仅符合危险化学品事故应急处置规则的要求，也体现了应对紧急情况时的综合性和协作性。
任务ID: 7
问题: 问题：在一起严重的危险化学品事故发生后，一家化工企业紧急启动了企业预案并组织救援。事故导致的火灾迅速蔓延，威胁到周边居民区和环境安全，形势极为危急。按照危险化学品事故应急处置规则，需要立即建立现场应急救援指挥部。关于现场应急救援指挥部的职能和行动，以下哪项描述是正确的？现场应急救援指挥部的主要任务包括协调调动必要的救援队伍、装备和物资；组织专家指导救援工作；制定防止次生灾害的方案；并在必要时，商请部队和武警参与救援工作。根据事故的严重性和对周边地区的影响，现场救援指挥部还需要执行哪项重要功能？
已选答案: C
正确答案: C
答案是否正确：True
待选答案: ['仅负责协调本企业内部的救援队伍和资源', '只处理与事故直接相关的应急响应，不涉及与其他地区的协调', '协调事故发生地相邻地区配合、支援救援工作', '独立于当地政府行动，不需要与政府的其他部门进行沟通协调']
已选规则: ['27']
相关规则: ['27']
------
规则：国家响应措施：启动应急响应后，国家重大海上溢油应急处置部际联席会议实施国家响应措施，组织、协调、指挥国家重大海上溢油的应急处置工作，主要包括：（1）指导现场指挥部制定海上溢油应急处置方案；根据事态发展，派出现场工作组，指导和监督现场应急处置工作。（2）应现场指挥部或者国务院行业行政主管部门的请求，协调各成员单位及其他有关力量参加监视监测、污染清除等海上溢油应急处置工作。（3）应现场指挥部请求，协调车辆、船舶、飞机等交通运输工具，以及场地、码头、油污储运等设施，用于应急人员和物资的运输、回收的油类和油污废弃物的储存运输和处置；协调通信设备设施和通信渠道。（4）应现场指挥部请求，协调安排生活物资和医疗卫生队伍支援，并提供气象信息及物资通关、治安、人员出入境等各项保障。（5）应现场指挥部请求，协调有关力量，对可能受海上溢油污染的动植物、重要敏感区域等目标进行保护，对已受到污染的目标进行重点清理或者开展清洗、救助、转移等工作。（6）负责统一发布或者授权有关单位发布海上溢油相关信息；收集分析舆情，协调、指导海上溢油应急处置宣传报道工作。（7）应现场指挥部请求或者根据事态发展需要，组织、协调或者决定国家重大海上溢油应急处置中的其他重大事项。（8）需要国际援助时，应当按照我国已经加入或者缔结的溢油应急国际公约或地区性协议，协调相关国家和地区的力量、资源参与应急。


关于每一个答案的演绎过程：
```
A. 指导现场指挥部制定海上溢油应急处置方案并根据事态发展派出现场工作组指导和监督。：为了判断哪一项不是该联席会议根据上述规则需要执行的职责，我们首先明确联席会议的主要职责，并逐一分析选项。

### 联席会议的主要职责：
1. **指导现场指挥部制定海上溢油应急处置方案**。
2. **根据事态发展派出现场工作组指导和监督**。
3. **协调各成员单位及其他有关力量参加监视监测、污染清除等海上溢油应急处置工作**。
4. **协调车辆、船舶、飞机等交通运输工具，以及场地、码头、油污储运等设施用于应急人员和物资的运输、回收的油类和油污废弃物的储存运输和处置；协调通信设备设施和通信渠道**。
5. **协调安排生活物资和医疗卫生队伍支援，并提供气象信息及物资通关、治安、人员出入境等各项保障**。
6. **协调有关力量，对可能受海上溢油污染的动植物、重要敏感区域等目标进行保护，对已受到污染的目标进行重点清理或者开展清洗、救助、转移等工作**。
7. **统一发布或者授权有关单位发布海上溢油相关信息；收集分析舆情，协调、指导海上溢油应急处置宣传报道工作**。
8. **组织、协调或者决定国家重大海上溢油应急处置中的其他重大事项**。
9. **需要国际援助时，应当按照我国已经加入或者缔结的溢油应急国际公约或地区性协议，协调相关国家和地区的力量、资源参与应急**。

### 分析选项：
1. **指导现场指挥部制定海上溢油应急处置方案并根据事态发展派出现场工作组指导和监督。**
   - 这是联席会议的核心职责之一。
   
2. **其他未列出的职责。**

根据规则，联席会议必须执行上述核心职责中的第1条和第2条。

### 结论：
选项中唯一不是联席会议需要执行的职责是“其他未列出的职责”。因为这并不是联席会议的主要职责之一。

因此，最终判断为：**该选项不是联席会议根据规则需要执行的职责。**

答案是：**指导现场指挥部制定海上溢油应急处置方案并根据事态发展派出现场工作组指导和监督**（这个选项实际上是正确的职责）。其他未列出的职责显然不属于联席会议的主要职责范畴。

因此，最终判断是“其他未列出的职责”不是联席会议需要执行的职责。
B. 直接参与现场的污染清除工作，使用特殊清洁剂和设备。：根据给定的问题和规则，我们来一步步分析选项，并推导出正确的答案。

1. **理解问题背景**：2023年发生了一起海上溢油事件，泄露了20,000吨原油。
2. **明确联席会议的职责范围**：
   - 联席会议的主要职责包括指导制定应急处置方案、协调各成员单位参与、提供物资和人员支持等。
3. **分析选项**：

   - 选项：直接参与现场的污染清除工作，使用特殊清洁剂和设备。

4. **逐一验证选项是否符合联席会议的职责**：
   
   根据规则中的描述，国家重大海上溢油应急处置部际联席会议的主要职责是：
   - 制定应急处置方案。
   - 协调各成员单位及其他力量参与监视监测、污染清除等工作。
   - 提供物资和人员支持。
   - 收集分析舆情，协调宣传报道工作。

5. **排除不符合职责的选项**：

   从规则中可以看出，国家重大海上溢油应急处置部际联席会议的主要任务是指导、协调和支持现场的工作，并非直接参与现场污染清除。因此，“直接参与现场的污染清除工作，使用特殊清洁剂和设备”并不是该联席会议根据上述规则需要执行的职责。

最终判断：选项“直接参与现场的污染清除工作，使用特殊清洁剂和设备”不是国家重大海上溢油应急处置部际联席会议根据上述规则需要执行的职责。
C. 应现场指挥部请求协调车辆、船舶、飞机等交通运输工具以及场地等设施，用于应急人员和物资的运输。：首先，我们明确题目要求判断在国家重大海上溢油应急响应过程中，哪一项职责不是由联席会议根据上述规则需要执行的。

背景信息：
- 2023年发生一次国际关注的海上溢油事件。
- 肇事油轮装载了100,000吨原油，泄露了约20,000吨原油。
- 启动国家重大海上溢油应急响应机制。
- 国家重大海上溢油应急处置部际联席会议在应急过程中起到了至关重要的作用。

根据规则中的职责：
1. 指导现场指挥部制定应急处置方案，并派出现场工作组进行指导和监督。
2. 协调各成员单位及其他力量参与监视监测、污染清除等工作。
3. 协调车辆、船舶、飞机等交通运输工具以及场地、码头、油污储运设施，用于运输人员和物资。
4. 协调生活物资和医疗卫生队伍支援，并提供气象信息及保障。
5. 协调对受污染目标的保护与清理工作。
6. 统一发布或授权有关单位发布相关信息；收集分析舆情，协调宣传报道。
7. 根据事态发展需要组织、协调其他重大事项。
8. 需要国际援助时，按照相关公约或协议协调国际力量参与应急。

现在我们来逐一分析选项：
- **应现场指挥部请求协调车辆、船舶、飞机等交通运输工具以及场地等设施，用于应急人员和物资的运输。**
   - 根据规则第3条，联席会议确实需要“应现场指挥部请求，协调车辆、船舶、飞机等交通运输工具”。“以及场地、码头、油污储运等设施，用于应急人员和物资的运输”，这显然属于职责范围。

因此，根据上述分析，选项中的描述完全符合规则的要求。没有其他选项与题干中给出的信息相悖或不符合规则要求。

最终判断：**该选项是正确的，并且不是需要排除的错误答案。**

结论：以上选项**“应现场指挥部请求协调车辆、船舶、飞机等交通运输工具以及场地等设施，用于应急人员和物资的运输”** 是联席会议根据上述规则需要执行的职责之一，因此不存在不符合要求的情况。

最终答案是：该选项符合规则要求，并非错误。
D. 协调有关力量，对可能受海上溢油污染的动植物、重要敏感区域等目标进行保护。：给定的问题是：在一次发生于2023年的国际关注的海上溢油事件中，肇事的是一艘装载了100,000吨原油的超级油轮。由于船体结构损坏，约有20,000吨原油泄露到海洋中。这一事件立即引起了各界的高度关注，同时启动了国家重大海上溢油应急响应机制。在这一应急处置过程中，国家重大海上溢油应急处置部际联席会议起到了至关重要的作用。以下哪一项不是该联席会议根据上述规则需要执行的职责？

规则明确指出：国家重大海上溢油应急处置部际联席会议的主要职责包括协调有关力量进行保护受影响的目标。

逐条分析规则中的职责：

1. **指导现场指挥部制定海上溢油应急处置方案** - 这是关于方案制定，不是直接的保护行动。
2. **根据事态发展，派出现场工作组，指导和监督现场应急处置工作** - 监督性质的工作，不是直接保护目标。
3. **协调各成员单位及其他有关力量参加监视监测、污染清除等海上溢油应急处置工作** - 协调力量参与清理工作，但不涉及直接保护目标。
4. **协调车辆、船舶、飞机等交通运输工具，以及场地、码头、油污储运等设施用于运输和储存** - 与交通和设施有关的协调工作，不是直接保护目标。
5. **协调安排生活物资和医疗卫生队伍支援，并提供气象信息及物资通关、治安、人员出入境等各项保障** - 提供支持保障，但不涉及直接保护目标。
6. **应现场指挥部请求，协调有关力量对可能受海上溢油污染的动植物、重要敏感区域等目标进行保护** - 这条明确指出需要执行保护受影响的目标职责。
7. **负责统一发布或者授权有关单位发布海上溢油相关信息；收集分析舆情，协调、指导海上溢油应急处置宣传报道工作** - 信息发布的职责，不是直接保护目标。
8. **应现场指挥部请求或者根据事态发展需要，组织、协调或者决定国家重大海上溢油应急处置中的其他重大事项** - 组织协调其他应急处置工作，但不涉及直接保护目标。
9. **需要国际援助时，应当按照我国已经加入或者缔结的溢油应急国际公约或地区性协议，协调相关国家和地区的力量、资源参与应急** - 国际协调职责，不是直接保护目标。

根据以上分析，第1至第4条和第6至第9条均未明确指出直接保护受影响的目标。而第5条明确指出需要执行保护受影响的目标的职责。

因此，选项中没有直接涉及保护受污染动植物、重要敏感区域等目标的职责，即上述规则中的其他职责均不是直接保护目标的职责。

最终判断：**协调有关力量，对可能受海上溢油污染的动植物、重要敏感区域等目标进行保护。**

这并不是国家重大海上溢油应急处置部际联席会议需要执行的一项职责，因为该职责在规则中明确列出，并且是其重要职责之一。因此，正确答案应为：

**协调有关力量，对可能受海上溢油污染的动植物、重要敏感区域等目标进行保护。**

即选项中的这一条，不是联席会议根据上述规则需要执行的职责。
```


需解答的问题：在一次发生于2023年的国际关注的海上溢油事件中，肇事的是一艘装载了100,000吨原油的超级油轮。由于船体结构损坏，约有20,000吨原油泄露到海洋中。这一事件立即引起了各界的高度关注，同时启动了国家重大海上溢油应急响应机制。在这一应急处置过程中，国家重大海上溢油应急处置部际联席会议起到了至关重要的作用。以下哪一项不是该联席会议根据上述规则需要执行的职责？
选择：A. 指导现场指挥部制定海上溢油应急处置方案并根据事态发展派出现场工作组指导和监督。B. 直接参与现场的污染清除工作，使用特殊清洁剂和设备。C. 应现场指挥部请求协调车辆、船舶、飞机等交通运输工具以及场地等设施，用于应急人员和物资的运输。D. 协调有关力量，对可能受海上溢油污染的动植物、重要敏感区域等目标进行保护。
结论：...**协调车辆、船舶、飞机等交通运输工具以及场地等设施用于运输和储存**（选项C）
- **对可能受海上溢油污染的动植物、重要敏感区域等目标进行保护**（选项D）

而直接参与现场的污染清除工作，使用特殊清洁剂和设备，并不属于联席会议的主要职责。这项任务通常由具体的应急处置队伍或专业机构来执行。

因此，根据上述分析，选项B“直接参与现场的污染清除工作，使用特殊清洁剂和设备”不是国家重大海上溢油应急处置部际联席会议需要执行的职责。

最终答案是：**B. 直接参与现场的污染清除工作，使用特殊清洁剂和设备。**
任务ID: 8
问题: 问题：在一次发生于2023年的国际关注的海上溢油事件中，肇事的是一艘装载了100,000吨原油的超级油轮。由于船体结构损坏，约有20,000吨原油泄露到海洋中。这一事件立即引起了各界的高度关注，同时启动了国家重大海上溢油应急响应机制。在这一应急处置过程中，国家重大海上溢油应急处置部际联席会议起到了至关重要的作用。以下哪一项不是该联席会议根据上述规则需要执行的职责？
已选答案: B
正确答案: B
答案是否正确：True
待选答案: ['指导现场指挥部制定海上溢油应急处置方案并根据事态发展派出现场工作组指导和监督。', '直接参与现场的污染清除工作，使用特殊清洁剂和设备。', '应现场指挥部请求协调车辆、船舶、飞机等交通运输工具以及场地等设施，用于应急人员和物资的运输。', '协调有关力量，对可能受海上溢油污染的动植物、重要敏感区域等目标进行保护。']
已选规则: ['378']
相关规则: ['378']
------
规则：必要时，组织非灾区人民政府，通过提供人力、物力、财力、智力等形式，对灾区群众生活安置、伤员救治、卫生防疫、基础设施抢修和生产恢复等开展对口支援。


关于每一个答案的演绎过程：
```
A. 提供专业伤员救护队伍：根据给定的规则，非灾区人民政府在提供对口支援时需要考虑的关键元素包括：

1. **生活安置**：确保受灾地区居民的基本生活需求得到满足。
2. **伤员救治**：为受伤人员提供必要的医疗救护服务。
3. **卫生防疫**：防止疾病传播和控制疫情。
4. **基础设施抢修**：恢复受损的基础设施，如道路、桥梁等。
5. **生产恢复**：帮助受灾地区恢复正常生产和经济秩序。

根据这些关键元素，我们来分析每个选项：

- **提供专业伤员救护队伍**：这是对口支援中明确提到的一项关键内容。因此，这并不是非灾区人民政府在提供对口支援时不需要考虑的关键元素。

综上所述，根据规则和问题的要求，"提供专业伤员救护队伍"是需要考虑的要素之一，并不是非灾区人民政府在提供对口支援时不需考虑的关键元素。

最终判断：**选项“提供专业伤员救护队伍”不是非灾区人民政府在提供对口支援时不需要考虑的关键元素。**

因此，正确的答案是排除“提供专业伤员救护队伍”。
B. 建立临时性住宿安置中心：根据给定的规则，非灾区人民政府在提供对口支援时需要考虑的关键元素包括：

1. 群众生活安置：确保受灾地区居民的基本生活需求得到满足。
2. 伤员救治：及时为受伤人员提供医疗救助。
3. 卫生防疫：防止疾病在灾后传播和蔓延，保障公共卫生安全。
4. 基础设施抢修：恢复受损的道路、供水供电等基础设施。
5. 生产恢复：帮助受灾地区恢复正常生产秩序。

现在我们来分析提供的选项“建立临时性住宿安置中心”是否属于上述关键元素之一：

- **群众生活安置**：包括但不限于提供食物、水、医疗救助，以及临时住所。因此，建立临时性住宿安置中心确实是为了确保受灾地区居民的基本生活需求得到满足，符合群众生活安置的范畴。

综上所述，“建立临时性住宿安置中心”是属于非灾区人民政府在对口支援中需要考虑的关键元素之一。因此，在给定的问题中，**“建立临时性住宿安置中心”并不是他们需要考虑的关键元素**这一说法是错误的。

最终判断：提供的选项“建立临时性住宿安置中心”是一个正确且必要的关键元素。该问题中的答案选择有误，应排除此错误选项。
C. 减少非灾区政府开支以应对可能的财政危机：根据给定的问题和规则，我们来逐步分析并推理论证。

**问题核心：**
非灾区人民政府在提供对口支援时需要考虑的关键元素是什么？

**规则明确指出：**
- 对口支援的形式包括人力、物力、财力、智力。
- 支援内容涉及生活安置、伤员救治、卫生防疫、基础设施抢修和生产恢复等。

现在，我们分析选项：“减少非灾区政府开支以应对可能的财政危机”。

1. **规则中的关键元素：**
   - 人力支援
   - 物力支援
   - 财力支援
   - 智力支援
   - 生活安置
   - 伤员救治
   - 卫生防疫
   - 基础设施抢修
   - 生产恢复

2. **分析选项：**
   - “减少非灾区政府开支以应对可能的财政危机”并不直接与规则中提到的关键元素相关。
   - 支援的核心目的是帮助受灾地区恢复正常生活和生产，而不是考虑非灾区自身的财政问题。

3. **逻辑推理：**
   - 规则强调的是支援的具体内容和形式，而非非灾区政府的内部管理或财政状况。
   - 减少开支与规则中提到的生活安置、伤员救治等具体援助措施无关。

综上所述，“减少非灾区政府开支以应对可能的财政危机”并不是提供对口支援时需要考虑的关键元素。因此，该选项是错误的。

**最终判断：**
- **正确答案：** 减少非灾区政府开支以应对可能的财政危机（这不是关键元素）。
- **其他选项均不符合规则要求或与问题无关。**

最终结论：减少非灾区政府开支以应对可能的财政危机不是提供对口支援时需要考虑的关键元素。
D. 派遣工程师团队帮助重建基础设施：根据题目给出的规则，我们可以进行以下推理：

1. **规则解析**：
   - 规则指出非灾区人民政府可以通过提供人力（如派遣工程师团队）、物力、财力、智力等形式，对灾区群众生活安置、伤员救治、卫生防疫、基础设施抢修和生产恢复等开展对口支援。

2. **关键元素分析**：
   - 从规则中可以看出，非灾区人民政府在提供对口支援时需要考虑的关键元素包括：人力（如派遣工程师团队）、物力、财力、智力以及具体的服务内容，如生活安置、伤员救治、卫生防疫、基础设施抢修和生产恢复。

3. **选项分析**：
   - 选项“派遣工程师团队帮助重建基础设施”是规则中提到的“提供人力”的一种形式。因此，根据规则，这是一项非灾区人民政府在提供对口支援时需要考虑的关键元素之一。

4. **排除法验证**：
   - 根据规则中的内容，“派遣工程师团队帮助重建基础设施”属于“智力”的范畴（即提供专业技能和知识），并且确实是为了进行基础设施抢修。因此，该选项符合规则要求。

5. **结论**：
   - 综上所述，选项“派遣工程师团队帮助重建基础设施”是需要考虑的关键元素之一，并且完全符合规则的要求。

由于题目要求选择一个不是关键元素的选项，而我们已经确认这个选项是需要考虑的关键元素。因此，可以得出结论：该选项不符合题目的要求，即它并不是非灾区人民政府在提供对口支援时不需要考虑的关键元素。

最终判断：
- 选项“派遣工程师团队帮助重建基础设施” **不是** 题目询问的“不是他们需要考虑的关键元素”。

正确答案是：这个选项实际上是一个关键元素。题目可能存在表述错误或理解偏差，但根据规则和分析，该选项确实是需要考虑的关键元素之一。
```


需解答的问题：在某次8.0级地震发生后，受灾地区迫切需要外界支援以恢复正常生活和生产秩序。非灾区人民政府响应号召，计划发起对口支援。根据地震应急处置规则，请问非灾区人民政府在提供对口支援时，以下哪一项不是他们需要考虑的关键元素？
选择：A. 提供专业伤员救护队伍 B. 建立临时性住宿安置中心 C. 减少非灾区政府开支以应对可能的财政危机 D. 派遣工程师团队帮助重建基础设施
结论：...是需要考虑的关键元素。

4. **D. 派遣工程师团队帮助重建基础设施**
   - 根据规则，提供人力（如派遣工程师团队）属于关键内容之一。
   - 工程师团队可以进行基础设施抢修和重建工作。
   - 因此，**派遣工程师团队帮助重建基础设施** 是需要考虑的关键元素。

综上所述，选项 C. 减少非灾区政府开支以应对可能的财政危机 不是他们需要考虑的关键元素。因此，最终答案为：

**C. 减少非灾区政府开支以应对可能的财政危机**

这个选项符合题目要求，即在提供对口支援时不需要考虑的关键元素。
任务ID: 9
问题: 问题：在某次8.0级地震发生后，受灾地区迫切需要外界支援以恢复正常生活和生产秩序。非灾区人民政府响应号召，计划发起对口支援。根据地震应急处置规则，请问非灾区人民政府在提供对口支援时，以下哪一项不是他们需要考虑的关键元素？
已选答案: C
正确答案: C
答案是否正确：True
待选答案: ['提供专业伤员救护队伍', '建立临时性住宿安置中心', '减少非灾区政府开支以应对可能的财政危机', '派遣工程师团队帮助重建基础设施']
已选规则: ['76']
相关规则: ['76']
------
规则：各有关地方和部门根据灾情和抗灾救灾需要，采取以下措施加强现场监测：地震局组织布设或恢复地震现场测震和前兆台站，实时跟踪地震序列活动，密切监视震情发展，对震区及全国震情形势进行研判。气象局加强气象监测，密切关注灾区重大气象变化。灾区所在地抗震救灾指挥部安排专业力量加强空气、水源、土壤污染监测，减轻或消除污染危害。
各有关地方和部门根据灾情和抗灾救灾需要，采取以下措施开展灾害调查与评估：地震局开展地震烈度、发震构造、地震宏观异常现象、工程结构震害特征、地震社会影响和各种地震地质灾害调查等。民政、地震、国土资源、建设、环境保护等有关部门，深入调查灾区范围、受灾人口、成灾人口、人员伤亡数量、建构筑物和基础设施破坏程度、环境影响程度等，组织专家开展灾害损失评估。
应对特别重大地震灾害的地方政府应急处置：省级抗震救灾指挥部立即组织各类专业抢险救灾队伍开展人员搜救、医疗救护、受灾群众安置等，组织抢修重大关键基础设施，保护重要目标；国务院启动I级响应后，按照国务院抗震救灾指挥机构的统一部署，领导和组织实施本行政区域抗震救灾工作。灾区所在市（地）、县级抗震救灾指挥部立即发动基层干部群众开展自救互救，组织基层抢险救灾队伍开展人员搜救和医疗救护，开放应急避难场所，及时转移和安置受灾群众，防范次生灾害，维护社会治安，同时提出需要支援的应急措施建议；按照上级抗震救灾指挥机构的安排部署，领导和组织实施本行政区域抗震救灾工作。


关于每一个答案的演绎过程：
```
A. 大气和河流的化学成分监测：根据题目给出的规则和背景信息，我们可以逐步分析灾区所在市（地）、县级抗震救灾指挥部在地震发生后应加强哪方面的监测。

1. **明确应急处置规则**：
   - 地震局负责组织布设或恢复地震现场测震和前兆台站。
   - 气象局加强气象监测，密切关注重大气象变化。
   - 灾区所在地抗震救灾指挥部需安排专业力量加强空气、水源、土壤污染监测。

2. **分析背景信息**：
   - 地震发生后，相关部门已开始现场监测工作。地震局负责布设或恢复测震和前兆台站；气象局加强了气象监测。
   - 根据规则，灾区所在地抗震救灾指挥部需安排专业力量加强空气、水源、土壤污染监测。

3. **确认正确选项**：
   - 问题要求确定灾区所在市（地）、县级抗震救灾指挥部除了开展自救互救和转移安置受灾群众外，还需要分配专业力量加强哪方面的监测。
   - 根据规则中的明确指示，灾区所在地抗震救灾指挥部应重点加强空气、水源、土壤污染监测。

4. **排除错误选项**：
   - 选项“大气和河流的化学成分监测”虽然涉及了空气（大气）和水（河流），但未直接符合规则中提到的具体方面：空气、水源、土壤污染监测。
   - 因此，该选项不符合应急处置规则中的具体要求。

最终结论：
根据应急处置规则的要求，灾区所在市（地）、县级抗震救灾指挥部除了开展自救互救和转移安置受灾群众外，还需要分配专业力量加强**空气、水源、土壤污染监测**。因此，正确答案应排除“大气和河流的化学成分监测”这一选项，而强调符合规则的具体监测内容。

最终判断：**错误选项为“大气和河流的化学成分监测”。**
B. 空气、水源、土壤的污染监测：根据给定规则，我们可以逐步推理并验证答案的正确性。

1. **确定问题核心**：
   - 地震发生后，相关部门紧急开展了现场监测。
   - 灾区所在市（地）、县级抗震救灾指挥部除了开展自救互救、及时转移和安置受灾群众外，还需要分配专业力量加强哪方面的监测？

2. **分析规则中的监测措施**：
   - 地震局负责的主要任务是组织布设或恢复地震现场测震和前兆台站。
   - 气象局加强气象监测，密切关注灾区重大气象变化。
   - 灾区所在地抗震救灾指挥部安排专业力量加强空气、水源、土壤污染监测。

3. **确定正确答案**：
   - 根据规则中的描述，明确指出需要加强的监测是“空气、水源、土壤污染监测”。

4. **排除错误选项**：
   - 问题中提供的四个选项为：空气、水源、土壤的污染监测。这完全符合规则中的描述。

5. **详细推理过程**：
   - 地震发生后，灾区所在市（地）、县级抗震救灾指挥部需要开展自救互救和安置受灾群众。
   - 根据规则，这些地方还需要加强“空气、水源、土壤污染监测”以减轻或消除可能的污染危害。

6. **最终判断**：
   - 通过上述分析和推理，可以确定正确答案为：空气、水源、土壤的污染监测。

因此，根据给定规则和问题背景，正确的选项是：

- 空气、水源、土壤的污染监测

这符合应急处置规则中关于加强现场监测的要求。
C. 建筑结构稳定性和居民生活习惯监测：根据给定的问题和规则，我们需要确定灾区所在市（地）、县级抗震救灾指挥部在地震发生后应加强哪方面的监测。

### 分析步骤

1. **明确问题核心**：
   - 灾区所在市（地）、县级抗震救灾指挥部除了开展自救互救、及时转移和安置受灾群众外，还需要分配专业力量加强哪方面的监测？

2. **规则分析**：
   - 规则中提到“各有关地方和部门根据灾情和抗灾救灾需要，采取以下措施加强现场监测”。
   - 具体措施包括：地震局组织布设或恢复地震现场测震和前兆台站；气象局加强气象监测，密切关注灾区重大气象变化。

3. **排除无关选项**：
   - 问题明确要求在上述规则中的监测内容中选择一项。因此，我们需要从“空气、水源、土壤污染监测”和“建筑结构稳定性和居民生活习惯监测”中作出判断。
   - 规则中并未提及对“建筑结构稳定性和居民生活习惯”的监测，这与地震应急处置的直接相关性较低。

4. **确认正确选项**：
   - 根据规则中的内容，“空气、水源、土壤污染监测”是明确提到的监测措施之一。这些监测对于确保受灾群众的安全和健康至关重要。
   - 地震局负责的主要任务包括组织布设或恢复地震现场测震和前兆台站，这与“建筑结构稳定性和居民生活习惯监测”无关。

### 结论

根据上述分析，灾区所在市（地）、县级抗震救灾指挥部除了开展自救互救、及时转移和安置受灾群众外，还需要分配专业力量加强的监测是**空气、水源、土壤污染监测**。因此，选项“建筑结构稳定性和居民生活习惯监测”是错误的。

最终答案：**错误选项为“建筑结构稳定性和居民生活习惯监测”。正确选项应为“空气、水源、土壤污染监测”。**

输出完整推理结果如下：
- 灾区所在市（地）、县级抗震救灾指挥部除了开展自救互救、及时转移和安置受灾群众外，还需要分配专业力量加强的监测是**空气、水源、土壤污染监测**。
D. 社会治安状况管理和临时避难所设施维护：根据给定规则，灾区所在市（地）、县级抗震救灾指挥部除了开展自救互救、及时转移和安置受灾群众外，还需要加强以下方面的监测：

1. **空气、水源、土壤污染监测**：根据规则，“各有关地方和部门根据灾情和抗灾救灾需要，采取以下措施加强现场监测：灾区所在地抗震救灾指挥部安排专业力量加强空气、水源、土壤污染监测，减轻或消除污染危害。”这明确指出需要加强对这些方面的监测。

2. **社会治安状况管理和临时避难所设施维护**：虽然规则中提到了“维护社会治安”，但并未提及具体的社会治安状况管理措施。同时，规则也没有提到临时避难所设施的维护问题。因此，这两项并不是必须加强的重点监测内容。

综上所述，根据给定规则，灾区所在市（地）、县级抗震救灾指挥部除了开展自救互救、及时转移和安置受灾群众外，还需要分配专业力量加强**空气、水源、土壤污染监测**以减轻或消除污染危害。因此，答案“社会治安状况管理和临时避难所设施维护”是错误的选项。

最终判断：**错误的选项为“社会治安状况管理和临时避难所设施维护”。正确的选项应为加强空气、水源、土壤污染监测。**
```


需解答的问题：在一次规模8.0级的地震发生后，地方政府紧急响应，省级抗震救灾指挥部迅速按照应急处置规则行动，组织专业队伍进行人员搜救和医疗救护，并对重要基础设施进行抢修。与此同时，国务院启动了I级响应，按照统一部署领导抗震救灾工作。地震发生后，相关部门紧急开展了现场监测，地震局负责的主要任务是组织布设或恢复地震现场测震和前兆台站，气象局加强气象监测，密切关注灾区重大气象变化。在此背景下，灾区所在市（地）、县级抗震救灾指挥部除了开展自救互救、及时转移和安置受灾群众外，还需要分配专业力量加强哪方面的监测，既符合应急处置规则又遵循原有救灾工作的重要方面？
选择：A.大气和河流的化学成分监测 B.空气、水源、土壤的污染监测 C.建筑结构稳定性和居民生活习惯监测 D.社会治安状况管理和临时避难所设施维护